# JRE version: OpenJDK Runtime Environment (8.0_242-b01) (build 1.8.0_242-release-1644-b01)
# Java VM: OpenJDK 64-Bit Server VM (25.242-b01 mixed mode windows-amd64 compressed oops)
Heap:
 PSYoungGen      total 594944K, used 344969K [0x00000000d5580000, 0x00000000fc800000, 0x0000000100000000)
  eden space 546304K, 58% used [0x00000000d5580000,0x00000000e8c71ca8,0x00000000f6b00000)
  from space 48640K, 54% used [0x00000000f9880000,0x00000000fb270a68,0x00000000fc800000)
  to   space 46592K, 0% used [0x00000000f6b00000,0x00000000f6b00000,0x00000000f9880000)
 ParOldGen       total 139776K, used 109814K [0x0000000080000000, 0x0000000088880000, 0x00000000d5580000)
  object space 139776K, 78% used [0x0000000080000000,0x0000000086b3da90,0x0000000088880000)
 Metaspace       used 119427K, capacity 125608K, committed 125696K, reserved 1159168K
  class space    used 15370K, capacity 16570K, committed 16640K, reserved 1048576K
GC Heap History (10 events):
Event: 193.328 GC heap before
{Heap before GC invocations=34 (full 4):
 PSYoungGen      total 512000K, used 35378K [0x00000000d5580000, 0x00000000f7a80000, 0x0000000100000000)
  eden space 471552K, 0% used [0x00000000d5580000,0x00000000d5580000,0x00000000f2200000)
  from space 40448K, 87% used [0x00000000f4e00000,0x00000000f708ca98,0x00000000f7580000)
  to   space 45056K, 0% used [0x00000000f2200000,0x00000000f2200000,0x00000000f4e00000)
 ParOldGen       total 75776K, used 75543K [0x0000000080000000, 0x0000000084a00000, 0x00000000d5580000)
  object space 75776K, 99% used [0x0000000080000000,0x00000000849c5d00,0x0000000084a00000)
 Metaspace       used 92953K, capacity 97230K, committed 97536K, reserved 1134592K
  class space    used 12116K, capacity 13000K, committed 13056K, reserved 1048576K
Event: 194.268 GC heap after
Heap after GC invocations=34 (full 4):
 PSYoungGen      total 512000K, used 21166K [0x00000000d5580000, 0x00000000f7a80000, 0x0000000100000000)
  eden space 471552K, 0% used [0x00000000d5580000,0x00000000d5580000,0x00000000f2200000)
  from space 40448K, 52% used [0x00000000f4e00000,0x00000000f62ab808,0x00000000f7580000)
  to   space 45056K, 0% used [0x00000000f2200000,0x00000000f2200000,0x00000000f4e00000)
 ParOldGen       total 139776K, used 75417K [0x0000000080000000, 0x0000000088880000, 0x00000000d5580000)
  object space 139776K, 53% used [0x0000000080000000,0x00000000849a6550,0x0000000088880000)
 Metaspace       used 92920K, capacity 97108K, committed 97536K, reserved 1134592K
  class space    used 12106K, capacity 12959K, committed 13056K, reserved 1048576K
}
Event: 721.407 GC heap before
{Heap before GC invocations=35 (full 4):
 PSYoungGen      total 512000K, used 492718K [0x00000000d5580000, 0x00000000f7a80000, 0x0000000100000000)
  eden space 471552K, 100% used [0x00000000d5580000,0x00000000f2200000,0x00000000f2200000)
  from space 40448K, 52% used [0x00000000f4e00000,0x00000000f62ab808,0x00000000f7580000)
  to   space 45056K, 0% used [0x00000000f2200000,0x00000000f2200000,0x00000000f4e00000)
 ParOldGen       total 139776K, used 75417K [0x0000000080000000, 0x0000000088880000, 0x00000000d5580000)
  object space 139776K, 53% used [0x0000000080000000,0x00000000849a6550,0x0000000088880000)
 Metaspace       used 102331K, capacity 107102K, committed 107264K, reserved 1142784K
  class space    used 13094K, capacity 14080K, committed 14080K, reserved 1048576K
Event: 723.425 GC heap after
Heap after GC invocations=35 (full 4):
 PSYoungGen      total 516608K, used 35286K [0x00000000d5580000, 0x00000000fc800000, 0x0000000100000000)
  eden space 471552K, 0% used [0x00000000d5580000,0x00000000d5580000,0x00000000f2200000)
  from space 45056K, 78% used [0x00000000f2200000,0x00000000f4475968,0x00000000f4e00000)
  to   space 48640K, 0% used [0x00000000f9880000,0x00000000f9880000,0x00000000fc800000)
 ParOldGen       total 139776K, used 75425K [0x0000000080000000, 0x0000000088880000, 0x00000000d5580000)
  object space 139776K, 53% used [0x0000000080000000,0x00000000849a8550,0x0000000088880000)
 Metaspace       used 102331K, capacity 107102K, committed 107264K, reserved 1142784K
  class space    used 13094K, capacity 14080K, committed 14080K, reserved 1048576K
}
Event: 801.932 GC heap before
{Heap before GC invocations=36 (full 4):
 PSYoungGen      total 516608K, used 506838K [0x00000000d5580000, 0x00000000fc800000, 0x0000000100000000)
  eden space 471552K, 100% used [0x00000000d5580000,0x00000000f2200000,0x00000000f2200000)
  from space 45056K, 78% used [0x00000000f2200000,0x00000000f4475968,0x00000000f4e00000)
  to   space 48640K, 0% used [0x00000000f9880000,0x00000000f9880000,0x00000000fc800000)
 ParOldGen       total 139776K, used 75425K [0x0000000080000000, 0x0000000088880000, 0x00000000d5580000)
  object space 139776K, 53% used [0x0000000080000000,0x00000000849a8550,0x0000000088880000)
 Metaspace       used 106779K, capacity 111740K, committed 111872K, reserved 1146880K
  class space    used 13766K, capacity 14784K, committed 14848K, reserved 1048576K
Event: 803.530 GC heap after
Heap after GC invocations=36 (full 4):
 PSYoungGen      total 594944K, used 16516K [0x00000000d5580000, 0x00000000fc800000, 0x0000000100000000)
  eden space 546304K, 0% used [0x00000000d5580000,0x00000000d5580000,0x00000000f6b00000)
  from space 48640K, 33% used [0x00000000f9880000,0x00000000fa8a12f8,0x00000000fc800000)
  to   space 46592K, 0% used [0x00000000f6b00000,0x00000000f6b00000,0x00000000f9880000)
 ParOldGen       total 139776K, used 88307K [0x0000000080000000, 0x0000000088880000, 0x00000000d5580000)
  object space 139776K, 63% used [0x0000000080000000,0x000000008563cd58,0x0000000088880000)
 Metaspace       used 106779K, capacity 111740K, committed 111872K, reserved 1146880K
  class space    used 13766K, capacity 14784K, committed 14848K, reserved 1048576K
}
Event: 880.489 GC heap before
{Heap before GC invocations=37 (full 4):
 PSYoungGen      total 594944K, used 562820K [0x00000000d5580000, 0x00000000fc800000, 0x0000000100000000)
  eden space 546304K, 100% used [0x00000000d5580000,0x00000000f6b00000,0x00000000f6b00000)
  from space 48640K, 33% used [0x00000000f9880000,0x00000000fa8a12f8,0x00000000fc800000)
  to   space 46592K, 0% used [0x00000000f6b00000,0x00000000f6b00000,0x00000000f9880000)
 ParOldGen       total 139776K, used 88307K [0x0000000080000000, 0x0000000088880000, 0x00000000d5580000)
  object space 139776K, 63% used [0x0000000080000000,0x000000008563cd58,0x0000000088880000)
 Metaspace       used 118737K, capacity 124818K, committed 125056K, reserved 1157120K
  class space    used 15283K, capacity 16479K, committed 16512K, reserved 1048576K
Event: 884.538 GC heap after
Heap after GC invocations=37 (full 4):
 PSYoungGen      total 592896K, used 22945K [0x00000000d5580000, 0x00000000fc800000, 0x0000000100000000)
  eden space 546304K, 0% used [0x00000000d5580000,0x00000000d5580000,0x00000000f6b00000)
  from space 46592K, 49% used [0x00000000f6b00000,0x00000000f8168410,0x00000000f9880000)
  to   space 48640K, 0% used [0x00000000f9880000,0x00000000f9880000,0x00000000fc800000)
 ParOldGen       total 139776K, used 102659K [0x0000000080000000, 0x0000000088880000, 0x00000000d5580000)
  object space 139776K, 73% used [0x0000000080000000,0x0000000086440d08,0x0000000088880000)
 Metaspace       used 118737K, capacity 124818K, committed 125056K, reserved 1157120K
  class space    used 15283K, capacity 16479K, committed 16512K, reserved 1048576K
}
Event: 959.430 GC heap before
{Heap before GC invocations=38 (full 4):
 PSYoungGen      total 592896K, used 569249K [0x00000000d5580000, 0x00000000fc800000, 0x0000000100000000)
  eden space 546304K, 100% used [0x00000000d5580000,0x00000000f6b00000,0x00000000f6b00000)
  from space 46592K, 49% used [0x00000000f6b00000,0x00000000f8168410,0x00000000f9880000)
  to   space 48640K, 0% used [0x00000000f9880000,0x00000000f9880000,0x00000000fc800000)
 ParOldGen       total 139776K, used 102659K [0x0000000080000000, 0x0000000088880000, 0x00000000d5580000)
  object space 139776K, 73% used [0x0000000080000000,0x0000000086440d08,0x0000000088880000)
 Metaspace       used 119357K, capacity 125536K, committed 125696K, reserved 1159168K
  class space    used 15368K, capacity 16570K, committed 16640K, reserved 1048576K
Event: 968.788 GC heap after
Heap after GC invocations=38 (full 4):
 PSYoungGen      total 594944K, used 26562K [0x00000000d5580000, 0x00000000fc800000, 0x0000000100000000)
  eden space 546304K, 0% used [0x00000000d5580000,0x00000000d5580000,0x00000000f6b00000)
  from space 48640K, 54% used [0x00000000f9880000,0x00000000fb270a68,0x00000000fc800000)
  to   space 46592K, 0% used [0x00000000f6b00000,0x00000000f6b00000,0x00000000f9880000)
 ParOldGen       total 139776K, used 109814K [0x0000000080000000, 0x0000000088880000, 0x00000000d5580000)
  object space 139776K, 78% used [0x0000000080000000,0x0000000086b3da90,0x0000000088880000)
 Metaspace       used 119357K, capacity 125536K, committed 125696K, reserved 1159168K
  class space    used 15368K, capacity 16570K, committed 16640K, reserved 1048576K
}

